<?xml version="1.0" encoding="UTF-8"?>
<!-- Generated by org.testng.reporters.JUnitXMLReporter -->
<testsuite ignored="0" hostname="HONEYOS" failures="0" tests="4" name="Default test" time="12.981" errors="0" timestamp="2023-04-23T20:58:20 EDT">
  <testcase classname="testLayer.LoginTest" name="title" time="0.012"/>
  <testcase classname="testLayer.LoginTest" name="Login" time="0.346"/>
  <testcase classname="testLayer.LoginTest" name="Login" time="0.453"/>
  <testcase classname="testLayer.LoginTest" name="Login" time="0.354"/>
</testsuite> <!-- Default test -->
