<?xml version="1.0" encoding="UTF-8"?>
<!-- Generated by org.testng.reporters.JUnitXMLReporter -->
<testsuite ignored="0" hostname="HONEYOS" failures="0" tests="4" name="testng" time="18.556" errors="0" timestamp="2023-04-23T21:18:20 EDT">
  <testcase classname="testLayer.LoginTest" name="title" time="0.017"/>
  <testcase classname="testLayer.LoginTest" name="Login" time="1.652"/>
  <testcase classname="testLayer.LoginTest" name="Login" time="1.386"/>
  <testcase classname="testLayer.LoginTest" name="Login" time="1.337"/>
</testsuite> <!-- testng -->
