<?xml version="1.0" encoding="UTF-8"?>
<testng-results ignored="0" total="4" passed="4" failed="0" skipped="0">
  <reporter-output>
  </reporter-output>
  <suite started-at="2023-04-23T21:18:02 EDT" name="Orangehm" finished-at="2023-04-23T21:18:20 EDT" duration-ms="18556">
    <groups>
    </groups>
    <test started-at="2023-04-23T21:18:02 EDT" name="testng" finished-at="2023-04-23T21:18:20 EDT" duration-ms="18556">
      <class name="testLayer.LoginTest">
        <test-method is-config="true" signature="initsetup()[pri:0, instance:testLayer.LoginTest@222545dc]" started-at="2023-04-23T21:18:02 EDT" name="initsetup" finished-at="2023-04-23T21:18:05 EDT" duration-ms="3706" status="PASS">
          <reporter-output>
          </reporter-output>
        </test-method> <!-- initsetup -->
        <test-method signature="title()[pri:1, instance:testLayer.LoginTest@222545dc]" started-at="2023-04-23T21:18:05 EDT" name="title" finished-at="2023-04-23T21:18:05 EDT" duration-ms="17" status="PASS">
          <reporter-output>
          </reporter-output>
        </test-method> <!-- title -->
        <test-method is-config="true" signature="close()[pri:0, instance:testLayer.LoginTest@222545dc]" started-at="2023-04-23T21:18:05 EDT" name="close" finished-at="2023-04-23T21:18:05 EDT" duration-ms="128" status="PASS">
          <reporter-output>
          </reporter-output>
        </test-method> <!-- close -->
        <test-method is-config="true" signature="initsetup()[pri:0, instance:testLayer.LoginTest@222545dc]" started-at="2023-04-23T21:18:06 EDT" name="initsetup" finished-at="2023-04-23T21:18:09 EDT" duration-ms="2549" status="PASS">
          <reporter-output>
          </reporter-output>
        </test-method> <!-- initsetup -->
        <test-method signature="Login(java.lang.String,java.lang.String)[pri:2, instance:testLayer.LoginTest@222545dc]" started-at="2023-04-23T21:18:09 EDT" name="Login" data-provider="details" finished-at="2023-04-23T21:18:10 EDT" duration-ms="1652" status="PASS">
          <params>
            <param index="0">
              <value>
                <![CDATA[Admin]]>
              </value>
            </param>
            <param index="1">
              <value>
                <![CDATA[admin123]]>
              </value>
            </param>
          </params>
          <reporter-output>
          </reporter-output>
        </test-method> <!-- Login -->
        <test-method is-config="true" signature="close()[pri:0, instance:testLayer.LoginTest@222545dc]" started-at="2023-04-23T21:18:10 EDT" name="close" finished-at="2023-04-23T21:18:10 EDT" duration-ms="101" status="PASS">
          <reporter-output>
          </reporter-output>
        </test-method> <!-- close -->
        <test-method is-config="true" signature="initsetup()[pri:0, instance:testLayer.LoginTest@222545dc]" started-at="2023-04-23T21:18:10 EDT" name="initsetup" finished-at="2023-04-23T21:18:13 EDT" duration-ms="2715" status="PASS">
          <reporter-output>
          </reporter-output>
        </test-method> <!-- initsetup -->
        <test-method signature="Login(java.lang.String,java.lang.String)[pri:2, instance:testLayer.LoginTest@222545dc]" started-at="2023-04-23T21:18:13 EDT" name="Login" data-provider="details" finished-at="2023-04-23T21:18:14 EDT" duration-ms="1386" status="PASS">
          <params>
            <param index="0">
              <value>
                <![CDATA[Admin]]>
              </value>
            </param>
            <param index="1">
              <value>
                <![CDATA[abcd]]>
              </value>
            </param>
          </params>
          <reporter-output>
          </reporter-output>
        </test-method> <!-- Login -->
        <test-method is-config="true" signature="close()[pri:0, instance:testLayer.LoginTest@222545dc]" started-at="2023-04-23T21:18:14 EDT" name="close" finished-at="2023-04-23T21:18:14 EDT" duration-ms="97" status="PASS">
          <reporter-output>
          </reporter-output>
        </test-method> <!-- close -->
        <test-method is-config="true" signature="initsetup()[pri:0, instance:testLayer.LoginTest@222545dc]" started-at="2023-04-23T21:18:14 EDT" name="initsetup" finished-at="2023-04-23T21:18:19 EDT" duration-ms="4280" status="PASS">
          <reporter-output>
          </reporter-output>
        </test-method> <!-- initsetup -->
        <test-method signature="Login(java.lang.String,java.lang.String)[pri:2, instance:testLayer.LoginTest@222545dc]" started-at="2023-04-23T21:18:19 EDT" name="Login" data-provider="details" finished-at="2023-04-23T21:18:20 EDT" duration-ms="1337" status="PASS">
          <params>
            <param index="0">
              <value>
                <![CDATA[scott]]>
              </value>
            </param>
            <param index="1">
              <value>
                <![CDATA[xyz]]>
              </value>
            </param>
          </params>
          <reporter-output>
          </reporter-output>
        </test-method> <!-- Login -->
        <test-method is-config="true" signature="close()[pri:0, instance:testLayer.LoginTest@222545dc]" started-at="2023-04-23T21:18:20 EDT" name="close" finished-at="2023-04-23T21:18:20 EDT" duration-ms="104" status="PASS">
          <reporter-output>
          </reporter-output>
        </test-method> <!-- close -->
      </class> <!-- testLayer.LoginTest -->
    </test> <!-- testng -->
  </suite> <!-- Orangehm -->
</testng-results>
